CRITICAL - 2023-05-21 14:59:10 --> Undefined variable $products
in APPPATH/Views/product/new.php on line 24.
 1 APPPATH/Views/product/new.php(24): CodeIgniter\Debug\Exceptions->errorHandler(2, 'Undefined variable $products', 'APPPATH/Views/product/new.php', 24)
 2 SYSTEMPATH/View/View.php(213): include('APPPATH/Views/product/new.php')
 3 SYSTEMPATH/View/View.php(216): CodeIgniter\View\View->CodeIgniter\View\{closure}()
 4 SYSTEMPATH/Common.php(1184): CodeIgniter\View\View->render('product/new', [], true)
 5 APPPATH/Controllers/Product.php(47): view('product/new')
 6 SYSTEMPATH/CodeIgniter.php(934): App\Controllers\Product->new()
 7 SYSTEMPATH/CodeIgniter.php(499): CodeIgniter\CodeIgniter->runController(Object(App\Controllers\Product))
 8 SYSTEMPATH/CodeIgniter.php(368): CodeIgniter\CodeIgniter->handleRequest(null, Object(Config\Cache), false)
 9 FCPATH/index.php(67): CodeIgniter\CodeIgniter->run()
10 SYSTEMPATH/Commands/Server/rewrite.php(47): require_once('FCPATH/index.php')
CRITICAL - 2023-05-21 15:01:34 --> Undefined variable $products
in APPPATH/Views/product/new.php on line 24.
 1 APPPATH/Views/product/new.php(24): CodeIgniter\Debug\Exceptions->errorHandler(2, 'Undefined variable $products', 'APPPATH/Views/product/new.php', 24)
 2 SYSTEMPATH/View/View.php(213): include('APPPATH/Views/product/new.php')
 3 SYSTEMPATH/View/View.php(216): CodeIgniter\View\View->CodeIgniter\View\{closure}()
 4 SYSTEMPATH/Common.php(1184): CodeIgniter\View\View->render('product/new', [], true)
 5 APPPATH/Controllers/Product.php(47): view('product/new')
 6 SYSTEMPATH/CodeIgniter.php(934): App\Controllers\Product->new()
 7 SYSTEMPATH/CodeIgniter.php(499): CodeIgniter\CodeIgniter->runController(Object(App\Controllers\Product))
 8 SYSTEMPATH/CodeIgniter.php(368): CodeIgniter\CodeIgniter->handleRequest(null, Object(Config\Cache), false)
 9 FCPATH/index.php(67): CodeIgniter\CodeIgniter->run()
10 SYSTEMPATH/Commands/Server/rewrite.php(47): require_once('FCPATH/index.php')
CRITICAL - 2023-05-21 15:02:21 --> Undefined variable $products
in APPPATH/Views/product/new.php on line 24.
 1 APPPATH/Views/product/new.php(24): CodeIgniter\Debug\Exceptions->errorHandler(2, 'Undefined variable $products', 'APPPATH/Views/product/new.php', 24)
 2 SYSTEMPATH/View/View.php(213): include('APPPATH/Views/product/new.php')
 3 SYSTEMPATH/View/View.php(216): CodeIgniter\View\View->CodeIgniter\View\{closure}()
 4 SYSTEMPATH/Common.php(1184): CodeIgniter\View\View->render('product/new', [], true)
 5 APPPATH/Controllers/Product.php(47): view('product/new')
 6 SYSTEMPATH/CodeIgniter.php(934): App\Controllers\Product->new()
 7 SYSTEMPATH/CodeIgniter.php(499): CodeIgniter\CodeIgniter->runController(Object(App\Controllers\Product))
 8 SYSTEMPATH/CodeIgniter.php(368): CodeIgniter\CodeIgniter->handleRequest(null, Object(Config\Cache), false)
 9 FCPATH/index.php(67): CodeIgniter\CodeIgniter->run()
10 SYSTEMPATH/Commands/Server/rewrite.php(47): require_once('FCPATH/index.php')
