CRITICAL - 2023-05-20 21:38:33 --> Invalid file: "index.php"
in SYSTEMPATH/Exceptions/FrameworkException.php on line 33.
 1 SYSTEMPATH/View/View.php(201): CodeIgniter\Exceptions\FrameworkException::forInvalidFile('FCPATH/index.php')
 2 SYSTEMPATH/Common.php(1184): CodeIgniter\View\View->render('index', [], true)
 3 APPPATH/Controllers/Ngetesaja.php(16): view('index', [...])
 4 SYSTEMPATH/CodeIgniter.php(934): App\Controllers\Ngetesaja->index()
 5 SYSTEMPATH/CodeIgniter.php(499): CodeIgniter\CodeIgniter->runController(Object(App\Controllers\Ngetesaja))
 6 SYSTEMPATH/CodeIgniter.php(368): CodeIgniter\CodeIgniter->handleRequest(null, Object(Config\Cache), false)
 7 FCPATH/index.php(67): CodeIgniter\CodeIgniter->run()
 8 SYSTEMPATH/Commands/Server/rewrite.php(47): require_once('FCPATH/index.php')
CRITICAL - 2023-05-20 22:24:55 --> User not found!
in APPPATH/Controllers/Login.php on line 62.
 1 SYSTEMPATH/CodeIgniter.php(934): App\Controllers\Login->create()
 2 SYSTEMPATH/CodeIgniter.php(499): CodeIgniter\CodeIgniter->runController(Object(App\Controllers\Login))
 3 SYSTEMPATH/CodeIgniter.php(368): CodeIgniter\CodeIgniter->handleRequest(null, Object(Config\Cache), false)
 4 FCPATH/index.php(67): CodeIgniter\CodeIgniter->run()
 5 SYSTEMPATH/Commands/Server/rewrite.php(47): require_once('FCPATH/index.php')
CRITICAL - 2023-05-20 22:26:00 --> Credentials is invalid!
in APPPATH/Controllers/Login.php on line 66.
 1 SYSTEMPATH/CodeIgniter.php(934): App\Controllers\Login->create()
 2 SYSTEMPATH/CodeIgniter.php(499): CodeIgniter\CodeIgniter->runController(Object(App\Controllers\Login))
 3 SYSTEMPATH/CodeIgniter.php(368): CodeIgniter\CodeIgniter->handleRequest(null, Object(Config\Cache), false)
 4 FCPATH/index.php(67): CodeIgniter\CodeIgniter->run()
 5 SYSTEMPATH/Commands/Server/rewrite.php(47): require_once('FCPATH/index.php')
CRITICAL - 2023-05-20 22:36:22 --> Undefined variable $products
in APPPATH/Views/product/new.php on line 24.
 1 APPPATH/Views/product/new.php(24): CodeIgniter\Debug\Exceptions->errorHandler(2, 'Undefined variable $products', 'APPPATH/Views/product/new.php', 24)
 2 SYSTEMPATH/View/View.php(213): include('APPPATH/Views/product/new.php')
 3 SYSTEMPATH/View/View.php(216): CodeIgniter\View\View->CodeIgniter\View\{closure}()
 4 SYSTEMPATH/Common.php(1184): CodeIgniter\View\View->render('product/new', [], true)
 5 APPPATH/Controllers/Product.php(47): view('product/new')
 6 SYSTEMPATH/CodeIgniter.php(934): App\Controllers\Product->new()
 7 SYSTEMPATH/CodeIgniter.php(499): CodeIgniter\CodeIgniter->runController(Object(App\Controllers\Product))
 8 SYSTEMPATH/CodeIgniter.php(368): CodeIgniter\CodeIgniter->handleRequest(null, Object(Config\Cache), false)
 9 FCPATH/index.php(67): CodeIgniter\CodeIgniter->run()
10 SYSTEMPATH/Commands/Server/rewrite.php(47): require_once('FCPATH/index.php')
CRITICAL - 2023-05-20 22:36:25 --> Undefined variable $products
in APPPATH/Views/product/new.php on line 24.
 1 APPPATH/Views/product/new.php(24): CodeIgniter\Debug\Exceptions->errorHandler(2, 'Undefined variable $products', 'APPPATH/Views/product/new.php', 24)
 2 SYSTEMPATH/View/View.php(213): include('APPPATH/Views/product/new.php')
 3 SYSTEMPATH/View/View.php(216): CodeIgniter\View\View->CodeIgniter\View\{closure}()
 4 SYSTEMPATH/Common.php(1184): CodeIgniter\View\View->render('product/new', [], true)
 5 APPPATH/Controllers/Product.php(47): view('product/new')
 6 SYSTEMPATH/CodeIgniter.php(934): App\Controllers\Product->new()
 7 SYSTEMPATH/CodeIgniter.php(499): CodeIgniter\CodeIgniter->runController(Object(App\Controllers\Product))
 8 SYSTEMPATH/CodeIgniter.php(368): CodeIgniter\CodeIgniter->handleRequest(null, Object(Config\Cache), false)
 9 FCPATH/index.php(67): CodeIgniter\CodeIgniter->run()
10 SYSTEMPATH/Commands/Server/rewrite.php(47): require_once('FCPATH/index.php')
CRITICAL - 2023-05-20 22:38:42 --> Undefined variable $products
in APPPATH/Views/product/new.php on line 24.
 1 APPPATH/Views/product/new.php(24): CodeIgniter\Debug\Exceptions->errorHandler(2, 'Undefined variable $products', 'APPPATH/Views/product/new.php', 24)
 2 SYSTEMPATH/View/View.php(213): include('APPPATH/Views/product/new.php')
 3 SYSTEMPATH/View/View.php(216): CodeIgniter\View\View->CodeIgniter\View\{closure}()
 4 SYSTEMPATH/Common.php(1184): CodeIgniter\View\View->render('product/new', [], true)
 5 APPPATH/Controllers/Product.php(47): view('product/new')
 6 SYSTEMPATH/CodeIgniter.php(934): App\Controllers\Product->new()
 7 SYSTEMPATH/CodeIgniter.php(499): CodeIgniter\CodeIgniter->runController(Object(App\Controllers\Product))
 8 SYSTEMPATH/CodeIgniter.php(368): CodeIgniter\CodeIgniter->handleRequest(null, Object(Config\Cache), false)
 9 FCPATH/index.php(67): CodeIgniter\CodeIgniter->run()
10 SYSTEMPATH/Commands/Server/rewrite.php(47): require_once('FCPATH/index.php')
CRITICAL - 2023-05-20 22:39:27 --> Undefined variable $products
in APPPATH/Views/product/new.php on line 24.
 1 APPPATH/Views/product/new.php(24): CodeIgniter\Debug\Exceptions->errorHandler(2, 'Undefined variable $products', 'APPPATH/Views/product/new.php', 24)
 2 SYSTEMPATH/View/View.php(213): include('APPPATH/Views/product/new.php')
 3 SYSTEMPATH/View/View.php(216): CodeIgniter\View\View->CodeIgniter\View\{closure}()
 4 SYSTEMPATH/Common.php(1184): CodeIgniter\View\View->render('product/new', [], true)
 5 APPPATH/Controllers/Product.php(47): view('product/new')
 6 SYSTEMPATH/CodeIgniter.php(934): App\Controllers\Product->new()
 7 SYSTEMPATH/CodeIgniter.php(499): CodeIgniter\CodeIgniter->runController(Object(App\Controllers\Product))
 8 SYSTEMPATH/CodeIgniter.php(368): CodeIgniter\CodeIgniter->handleRequest(null, Object(Config\Cache), false)
 9 FCPATH/index.php(67): CodeIgniter\CodeIgniter->run()
10 SYSTEMPATH/Commands/Server/rewrite.php(47): require_once('FCPATH/index.php')
CRITICAL - 2023-05-20 22:39:58 --> Undefined variable $products
in APPPATH/Views/product/new.php on line 24.
 1 APPPATH/Views/product/new.php(24): CodeIgniter\Debug\Exceptions->errorHandler(2, 'Undefined variable $products', 'APPPATH/Views/product/new.php', 24)
 2 SYSTEMPATH/View/View.php(213): include('APPPATH/Views/product/new.php')
 3 SYSTEMPATH/View/View.php(216): CodeIgniter\View\View->CodeIgniter\View\{closure}()
 4 SYSTEMPATH/Common.php(1184): CodeIgniter\View\View->render('product/new', [], true)
 5 APPPATH/Controllers/Product.php(47): view('product/new')
 6 SYSTEMPATH/CodeIgniter.php(934): App\Controllers\Product->new()
 7 SYSTEMPATH/CodeIgniter.php(499): CodeIgniter\CodeIgniter->runController(Object(App\Controllers\Product))
 8 SYSTEMPATH/CodeIgniter.php(368): CodeIgniter\CodeIgniter->handleRequest(null, Object(Config\Cache), false)
 9 FCPATH/index.php(67): CodeIgniter\CodeIgniter->run()
10 SYSTEMPATH/Commands/Server/rewrite.php(47): require_once('FCPATH/index.php')
ERROR - 2023-05-20 22:46:55 --> Error connecting to the database: mysqli_sql_exception: Connection refused in /Applications/XAMPP/xamppfiles/htdocs/belajarci/system/Database/MySQLi/Connection.php:174
Stack trace:
#0 /Applications/XAMPP/xamppfiles/htdocs/belajarci/system/Database/MySQLi/Connection.php(174): mysqli->real_connect('127.0.0.1', 'root', '', 'belajarci', 3306, '', 0)
#1 /Applications/XAMPP/xamppfiles/htdocs/belajarci/system/Database/BaseConnection.php(391): CodeIgniter\Database\MySQLi\Connection->connect(false)
#2 /Applications/XAMPP/xamppfiles/htdocs/belajarci/system/Database/BaseConnection.php(573): CodeIgniter\Database\BaseConnection->initialize()
#3 /Applications/XAMPP/xamppfiles/htdocs/belajarci/system/Database/BaseBuilder.php(1700): CodeIgniter\Database\BaseConnection->query('SELECT COUNT(*)...', Array, false)
#4 /Applications/XAMPP/xamppfiles/htdocs/belajarci/system/Model.php(606): CodeIgniter\Database\BaseBuilder->countAllResults(false)
#5 /Applications/XAMPP/xamppfiles/htdocs/belajarci/system/BaseModel.php(1188): CodeIgniter\Model->countAllResults(false)
#6 /Applications/XAMPP/xamppfiles/htdocs/belajarci/app/Controllers/Product.php(21): CodeIgniter\BaseModel->paginate(1, 'products')
#7 /Applications/XAMPP/xamppfiles/htdocs/belajarci/system/CodeIgniter.php(934): App\Controllers\Product->index()
#8 /Applications/XAMPP/xamppfiles/htdocs/belajarci/system/CodeIgniter.php(499): CodeIgniter\CodeIgniter->runController(Object(App\Controllers\Product))
#9 /Applications/XAMPP/xamppfiles/htdocs/belajarci/system/CodeIgniter.php(368): CodeIgniter\CodeIgniter->handleRequest(NULL, Object(Config\Cache), false)
#10 /Applications/XAMPP/xamppfiles/htdocs/belajarci/public/index.php(67): CodeIgniter\CodeIgniter->run()
#11 /Applications/XAMPP/xamppfiles/htdocs/belajarci/system/Commands/Server/rewrite.php(47): require_once('/Applications/X...')
#12 {main}

Next CodeIgniter\Database\Exceptions\DatabaseException: Connection refused in /Applications/XAMPP/xamppfiles/htdocs/belajarci/system/Database/MySQLi/Connection.php:218
Stack trace:
#0 /Applications/XAMPP/xamppfiles/htdocs/belajarci/system/Database/BaseConnection.php(391): CodeIgniter\Database\MySQLi\Connection->connect(false)
#1 /Applications/XAMPP/xamppfiles/htdocs/belajarci/system/Database/BaseConnection.php(573): CodeIgniter\Database\BaseConnection->initialize()
#2 /Applications/XAMPP/xamppfiles/htdocs/belajarci/system/Database/BaseBuilder.php(1700): CodeIgniter\Database\BaseConnection->query('SELECT COUNT(*)...', Array, false)
#3 /Applications/XAMPP/xamppfiles/htdocs/belajarci/system/Model.php(606): CodeIgniter\Database\BaseBuilder->countAllResults(false)
#4 /Applications/XAMPP/xamppfiles/htdocs/belajarci/system/BaseModel.php(1188): CodeIgniter\Model->countAllResults(false)
#5 /Applications/XAMPP/xamppfiles/htdocs/belajarci/app/Controllers/Product.php(21): CodeIgniter\BaseModel->paginate(1, 'products')
#6 /Applications/XAMPP/xamppfiles/htdocs/belajarci/system/CodeIgniter.php(934): App\Controllers\Product->index()
#7 /Applications/XAMPP/xamppfiles/htdocs/belajarci/system/CodeIgniter.php(499): CodeIgniter\CodeIgniter->runController(Object(App\Controllers\Product))
#8 /Applications/XAMPP/xamppfiles/htdocs/belajarci/system/CodeIgniter.php(368): CodeIgniter\CodeIgniter->handleRequest(NULL, Object(Config\Cache), false)
#9 /Applications/XAMPP/xamppfiles/htdocs/belajarci/public/index.php(67): CodeIgniter\CodeIgniter->run()
#10 /Applications/XAMPP/xamppfiles/htdocs/belajarci/system/Commands/Server/rewrite.php(47): require_once('/Applications/X...')
#11 {main}
CRITICAL - 2023-05-20 22:46:55 --> Unable to connect to the database.
Main connection [MySQLi]: Connection refused
in SYSTEMPATH/Database/BaseConnection.php on line 427.
 1 SYSTEMPATH/Database/BaseConnection.php(573): CodeIgniter\Database\BaseConnection->initialize()
 2 SYSTEMPATH/Database/BaseBuilder.php(1700): CodeIgniter\Database\BaseConnection->query('SELECT COUNT(*) AS `numrows`
FROM `products`', [], false)
 3 SYSTEMPATH/Model.php(606): CodeIgniter\Database\BaseBuilder->countAllResults(false)
 4 SYSTEMPATH/BaseModel.php(1188): CodeIgniter\Model->countAllResults(false)
 5 APPPATH/Controllers/Product.php(21): CodeIgniter\BaseModel->paginate(1, 'products')
 6 SYSTEMPATH/CodeIgniter.php(934): App\Controllers\Product->index()
 7 SYSTEMPATH/CodeIgniter.php(499): CodeIgniter\CodeIgniter->runController(Object(App\Controllers\Product))
 8 SYSTEMPATH/CodeIgniter.php(368): CodeIgniter\CodeIgniter->handleRequest(null, Object(Config\Cache), false)
 9 FCPATH/index.php(67): CodeIgniter\CodeIgniter->run()
10 SYSTEMPATH/Commands/Server/rewrite.php(47): require_once('FCPATH/index.php')
